21:29:47:944 open sound device ok
21:29:49:813 DirectSoundCreate ok
21:29:49:820 SetCooperativeLevel ok
21:29:49:825 CreateSoundBuffer ok
21:29:51:627 load sound\pop.wav
21:29:51:628 file.Read ok
21:29:51:628 load sound\xplode2.wav
21:29:51:628 file.Read ok
21:29:51:628 load sound\gem.wav
21:29:51:629 file.Read ok
21:29:51:629 load sound\jl87.wav
21:29:51:630 file.Read ok
21:29:51:630 load sound\nlevel.wav
21:29:51:633 file.Read ok
21:29:51:633 load sound\explode.wav
21:29:51:633 file.Read ok
21:29:51:633 load sound\exorcism.wav
21:29:51:634 file.Read ok
21:29:51:634 load sound\apple.wav
21:29:51:634 file.Read ok
21:29:51:634 load sound\bell1.wav
21:29:51:634 file.Read ok
21:29:51:634 load sound\finger.wav
21:29:51:635 file.Read ok
21:29:51:635 load sound\health.wav
21:29:51:635 file.Read ok
21:29:51:635 load sound\restart.wav
21:29:51:635 file.Read ok
21:29:51:636 load sound\menusel.wav
21:29:51:636 file.Read ok
21:29:51:636 load sound\fire.wav
21:29:51:636 file.Read ok
21:29:51:637 load sound\spring.wav
21:29:51:637 file.Read ok
21:29:51:637 load sound\pop.wav
21:29:51:637 file.Read ok
21:29:51:637 load sound\gfx3.wav
21:29:51:638 file.Read ok
21:29:51:638 load sound\pigegrin.wav
21:29:51:638 file.Read ok
21:29:51:638 play: id==20 ERR_SOUNDNOTFOUND
21:29:55:761 SOUND::~SOUND start
21:29:55:761 SOUND::unload(0)
21:29:55:761 SOUND::unload(1)
21:29:55:761 SOUND::unload(2)
21:29:55:761 SOUND::unload(3)
21:29:55:761 SOUND::unload(4)
21:29:55:761 SOUND::unload(5)
21:29:55:761 SOUND::unload(6)
21:29:55:761 SOUND::unload(7)
21:29:55:761 SOUND::unload(8)
21:29:55:761 SOUND::unload(9)
21:29:55:761 SOUND::unload(10)
21:29:55:761 SOUND::unload(11)
21:29:55:761 SOUND::unload(12)
21:29:55:761 SOUND::unload(13)
21:29:55:761 SOUND::unload(14)
21:29:55:761 SOUND::unload(15)
21:29:55:761 SOUND::unload(16)
21:29:55:761 SOUND::unload(17)
21:29:55:762 sound stop ok
21:29:56:368 close waveout device ok
